--> Wrapper Started as Console
Launching a JVM...
Wrapper (Version 3.2.3) http://wrapper.tanukisoftware.org
  Copyright 1999-2006 Tanuki Software, Inc.  All Rights Reserved.

2022.03.30 23:14:30 INFO  app[][o.s.a.AppFileSystem] Cleaning or creating temp directory /home/ella/code/SoftwareEngineering/sonarqube-9.3.0.51899/temp
2022.03.30 23:14:30 INFO  app[][o.s.a.es.EsSettings] Elasticsearch listening on [HTTP: 127.0.0.1:9001, TCP: 127.0.0.1:43897]
2022.03.30 23:14:30 INFO  app[][o.s.a.ProcessLauncherImpl] Launch process[[key='es', ipcIndex=1, logFilenamePrefix=es]] from [/home/ella/code/SoftwareEngineering/sonarqube-9.3.0.51899/elasticsearch]: /home/ella/code/SoftwareEngineering/sonarqube-9.3.0.51899/elasticsearch/bin/elasticsearch
2022.03.30 23:14:30 INFO  app[][o.s.a.SchedulerImpl] Waiting for Elasticsearch to be up and running
2022.03.30 23:14:34 INFO  app[][o.s.a.SchedulerImpl] Process[es] is up
2022.03.30 23:14:34 INFO  app[][o.s.a.ProcessLauncherImpl] Launch process[[key='web', ipcIndex=2, logFilenamePrefix=web]] from [/home/ella/code/SoftwareEngineering/sonarqube-9.3.0.51899]: /usr/lib/jvm/java-11-openjdk-amd64/bin/java -Djava.awt.headless=true -Dfile.encoding=UTF-8 -Djava.io.tmpdir=/home/ella/code/SoftwareEngineering/sonarqube-9.3.0.51899/temp -XX:-OmitStackTraceInFastThrow --add-opens=java.base/java.util=ALL-UNNAMED --add-opens=java.base/java.lang=ALL-UNNAMED --add-opens=java.base/java.io=ALL-UNNAMED --add-opens=java.rmi/sun.rmi.transport=ALL-UNNAMED --add-exports=java.base/jdk.internal.ref=ALL-UNNAMED --add-opens=java.base/java.nio=ALL-UNNAMED --add-opens=java.base/sun.nio.ch=ALL-UNNAMED --add-opens=java.management/sun.management=ALL-UNNAMED --add-opens=jdk.management/com.sun.management.internal=ALL-UNNAMED -Dcom.redhat.fips=false -Xmx512m -Xms128m -XX:+HeapDumpOnOutOfMemoryError -Dhttp.nonProxyHosts=localhost|127.*|[::1] -cp ./lib/sonar-application-9.3.0.51899.jar:/home/ella/code/SoftwareEngineering/sonarqube-9.3.0.51899/lib/jdbc/h2/h2-1.4.199.jar org.sonar.server.app.WebServer /home/ella/code/SoftwareEngineering/sonarqube-9.3.0.51899/temp/sq-process5292787676506717667properties
2022.03.30 23:14:52 WARN  app[][startup] ####################################################################################################################
2022.03.30 23:14:52 WARN  app[][startup] Default Administrator credentials are still being used. Make sure to change the password or deactivate the account.
2022.03.30 23:14:52 WARN  app[][startup] ####################################################################################################################
2022.03.30 23:14:52 INFO  app[][o.s.a.SchedulerImpl] Process[web] is up
2022.03.30 23:14:52 INFO  app[][o.s.a.ProcessLauncherImpl] Launch process[[key='ce', ipcIndex=3, logFilenamePrefix=ce]] from [/home/ella/code/SoftwareEngineering/sonarqube-9.3.0.51899]: /usr/lib/jvm/java-11-openjdk-amd64/bin/java -Djava.awt.headless=true -Dfile.encoding=UTF-8 -Djava.io.tmpdir=/home/ella/code/SoftwareEngineering/sonarqube-9.3.0.51899/temp -XX:-OmitStackTraceInFastThrow --add-opens=java.base/java.util=ALL-UNNAMED --add-exports=java.base/jdk.internal.ref=ALL-UNNAMED --add-opens=java.base/java.lang=ALL-UNNAMED --add-opens=java.base/java.nio=ALL-UNNAMED --add-opens=java.base/sun.nio.ch=ALL-UNNAMED --add-opens=java.management/sun.management=ALL-UNNAMED --add-opens=jdk.management/com.sun.management.internal=ALL-UNNAMED -Dcom.redhat.fips=false -Xmx512m -Xms128m -XX:+HeapDumpOnOutOfMemoryError -Dhttp.nonProxyHosts=localhost|127.*|[::1] -cp ./lib/sonar-application-9.3.0.51899.jar:/home/ella/code/SoftwareEngineering/sonarqube-9.3.0.51899/lib/jdbc/h2/h2-1.4.199.jar org.sonar.ce.app.CeServer /home/ella/code/SoftwareEngineering/sonarqube-9.3.0.51899/temp/sq-process2448449034583634128properties
2022.03.30 23:14:54 INFO  app[][o.s.a.SchedulerImpl] Process[ce] is up
2022.03.30 23:14:54 INFO  app[][o.s.a.SchedulerImpl] SonarQube is up
INT trapped.  Shutting down.
2022.03.30 23:41:59 WARN  app[][o.s.a.p.AbstractManagedProcess] Process exited with exit value [ce]: 130
2022.03.30 23:41:59 INFO  app[][o.s.a.SchedulerImpl] Process[ce] is stopped
uncaught exception in thread [Thread-2]
java.io.UncheckedIOException: java.nio.file.NoSuchFileException: /home/ella/code/SoftwareEngineering/sonarqube-9.3.0.51899/data/es7/nodes/0/_state
	at org.elasticsearch.common.component.AbstractLifecycleComponent.close(AbstractLifecycleComponent.java:93)
	at org.elasticsearch.core.internal.io.IOUtils.close(IOUtils.java:74)
	at org.elasticsearch.core.internal.io.IOUtils.close(IOUtils.java:116)
	at org.elasticsearch.core.internal.io.IOUtils.close(IOUtils.java:99)
	at org.elasticsearch.node.Node.close(Node.java:1402)
	at org.elasticsearch.core.internal.io.IOUtils.close(IOUtils.java:74)
	at org.elasticsearch.core.internal.io.IOUtils.close(IOUtils.java:116)
	at org.elasticsearch.core.internal.io.IOUtils.close(IOUtils.java:66)
	at org.elasticsearch.bootstrap.Bootstrap$4.run(Bootstrap.java:198)
Caused by: java.nio.file.NoSuchFileException: /home/ella/code/SoftwareEngineering/sonarqube-9.3.0.51899/data/es7/nodes/0/_state
	at java.base/sun.nio.fs.UnixException.translateToIOException(UnixException.java:92)
	at java.base/sun.nio.fs.UnixException.rethrowAsIOException(UnixException.java:111)
	at java.base/sun.nio.fs.UnixException.rethrowAsIOException(UnixException.java:116)
	at java.base/sun.nio.fs.UnixFileSystemProvider.newDirectoryStream(UnixFileSystemProvider.java:432)
	at java.base/java.nio.file.Files.newDirectoryStream(Files.java:472)
	at org.apache.lucene.store.FSDirectory.listAll(FSDirectory.java:214)
	at org.apache.lucene.store.FSDirectory.listAll(FSDirectory.java:233)
	at org.apache.lucene.store.FilterDirectory.listAll(FilterDirectory.java:58)
	at org.apache.lucene.index.IndexFileDeleter.refresh(IndexFileDeleter.java:427)
	at org.apache.lucene.index.IndexWriter.rollbackInternalNoCommit(IndexWriter.java:2473)
	at org.apache.lucene.index.IndexWriter.rollbackInternal(IndexWriter.java:2409)
	at org.apache.lucene.index.IndexWriter.rollback(IndexWriter.java:2402)
	at org.apache.lucene.index.IndexWriter.close(IndexWriter.java:1280)
	at org.elasticsearch.core.internal.io.IOUtils.close(IOUtils.java:74)
	at org.elasticsearch.core.internal.io.IOUtils.close(IOUtils.java:116)
	at org.elasticsearch.core.internal.io.IOUtils.close(IOUtils.java:66)
	at org.elasticsearch.gateway.PersistedClusterStateService$MetadataIndexWriter.close(PersistedClusterStateService.java:638)
	at org.elasticsearch.core.internal.io.IOUtils.close(IOUtils.java:74)
	at org.elasticsearch.core.internal.io.IOUtils.close(IOUtils.java:116)
	at org.elasticsearch.core.internal.io.IOUtils.close(IOUtils.java:99)
	at org.elasticsearch.gateway.PersistedClusterStateService$Writer.close(PersistedClusterStateService.java:945)
	at org.elasticsearch.core.internal.io.IOUtils.close(IOUtils.java:74)
	at org.elasticsearch.gateway.GatewayMetaState$LucenePersistedState.close(GatewayMetaState.java:604)
	at org.elasticsearch.cluster.coordination.CoordinationState.close(CoordinationState.java:541)
	at org.elasticsearch.cluster.coordination.Coordinator.doClose(Coordinator.java:958)
	at org.elasticsearch.common.component.AbstractLifecycleComponent.close(AbstractLifecycleComponent.java:91)
	... 8 more
2022.03.30 23:41:59 WARN  app[][o.s.a.p.AbstractManagedProcess] Process exited with exit value [es]: 130
2022.03.30 23:41:59 INFO  app[][o.s.a.SchedulerImpl] Process[es] is stopped
2022.03.30 23:41:59 WARN  app[][o.s.a.p.AbstractManagedProcess] Process exited with exit value [web]: 130
2022.03.30 23:41:59 INFO  app[][o.s.a.SchedulerImpl] Process[web] is stopped
2022.03.30 23:41:59 INFO  app[][o.s.a.SchedulerImpl] SonarQube is stopped
<-- Wrapper Stopped
--> Wrapper Started as Console
Launching a JVM...
Wrapper (Version 3.2.3) http://wrapper.tanukisoftware.org
  Copyright 1999-2006 Tanuki Software, Inc.  All Rights Reserved.

2022.03.30 23:42:17 INFO  app[][o.s.a.AppFileSystem] Cleaning or creating temp directory /home/ella/code/SoftwareEngineering/sonarqube/temp
2022.03.30 23:42:17 INFO  app[][o.s.a.es.EsSettings] Elasticsearch listening on [HTTP: 127.0.0.1:9001, TCP: 127.0.0.1:34051]
2022.03.30 23:42:17 INFO  app[][o.s.a.ProcessLauncherImpl] Launch process[[key='es', ipcIndex=1, logFilenamePrefix=es]] from [/home/ella/code/SoftwareEngineering/sonarqube/elasticsearch]: /home/ella/code/SoftwareEngineering/sonarqube/elasticsearch/bin/elasticsearch
2022.03.30 23:42:17 INFO  app[][o.s.a.SchedulerImpl] Waiting for Elasticsearch to be up and running
2022.03.30 23:42:22 INFO  app[][o.s.a.SchedulerImpl] Process[es] is up
2022.03.30 23:42:22 INFO  app[][o.s.a.ProcessLauncherImpl] Launch process[[key='web', ipcIndex=2, logFilenamePrefix=web]] from [/home/ella/code/SoftwareEngineering/sonarqube]: /usr/lib/jvm/java-11-openjdk-amd64/bin/java -Djava.awt.headless=true -Dfile.encoding=UTF-8 -Djava.io.tmpdir=/home/ella/code/SoftwareEngineering/sonarqube/temp -XX:-OmitStackTraceInFastThrow --add-opens=java.base/java.util=ALL-UNNAMED --add-opens=java.base/java.lang=ALL-UNNAMED --add-opens=java.base/java.io=ALL-UNNAMED --add-opens=java.rmi/sun.rmi.transport=ALL-UNNAMED --add-exports=java.base/jdk.internal.ref=ALL-UNNAMED --add-opens=java.base/java.nio=ALL-UNNAMED --add-opens=java.base/sun.nio.ch=ALL-UNNAMED --add-opens=java.management/sun.management=ALL-UNNAMED --add-opens=jdk.management/com.sun.management.internal=ALL-UNNAMED -Dcom.redhat.fips=false -Xmx512m -Xms128m -XX:+HeapDumpOnOutOfMemoryError -Dhttp.nonProxyHosts=localhost|127.*|[::1] -cp ./lib/sonar-application-9.3.0.51899.jar:/home/ella/code/SoftwareEngineering/sonarqube/lib/jdbc/h2/h2-1.4.199.jar org.sonar.server.app.WebServer /home/ella/code/SoftwareEngineering/sonarqube/temp/sq-process219397774830038577properties
2022.03.30 23:42:27 INFO  app[][o.s.a.SchedulerImpl] Process[web] is up
2022.03.30 23:42:27 INFO  app[][o.s.a.ProcessLauncherImpl] Launch process[[key='ce', ipcIndex=3, logFilenamePrefix=ce]] from [/home/ella/code/SoftwareEngineering/sonarqube]: /usr/lib/jvm/java-11-openjdk-amd64/bin/java -Djava.awt.headless=true -Dfile.encoding=UTF-8 -Djava.io.tmpdir=/home/ella/code/SoftwareEngineering/sonarqube/temp -XX:-OmitStackTraceInFastThrow --add-opens=java.base/java.util=ALL-UNNAMED --add-exports=java.base/jdk.internal.ref=ALL-UNNAMED --add-opens=java.base/java.lang=ALL-UNNAMED --add-opens=java.base/java.nio=ALL-UNNAMED --add-opens=java.base/sun.nio.ch=ALL-UNNAMED --add-opens=java.management/sun.management=ALL-UNNAMED --add-opens=jdk.management/com.sun.management.internal=ALL-UNNAMED -Dcom.redhat.fips=false -Xmx512m -Xms128m -XX:+HeapDumpOnOutOfMemoryError -Dhttp.nonProxyHosts=localhost|127.*|[::1] -cp ./lib/sonar-application-9.3.0.51899.jar:/home/ella/code/SoftwareEngineering/sonarqube/lib/jdbc/h2/h2-1.4.199.jar org.sonar.ce.app.CeServer /home/ella/code/SoftwareEngineering/sonarqube/temp/sq-process6686740131250449905properties
2022.03.30 23:42:29 INFO  app[][o.s.a.SchedulerImpl] Process[ce] is up
2022.03.30 23:42:29 INFO  app[][o.s.a.SchedulerImpl] SonarQube is up
INT trapped.  Shutting down.
2022.03.30 23:42:59 WARN  app[][o.s.a.p.AbstractManagedProcess] Process exited with exit value [ce]: 130
2022.03.30 23:42:59 INFO  app[][o.s.a.SchedulerImpl] Process[ce] is stopped
2022.03.30 23:42:59 WARN  app[][o.s.a.p.AbstractManagedProcess] Process exited with exit value [es]: 130
2022.03.30 23:42:59 INFO  app[][o.s.a.SchedulerImpl] Process[es] is stopped
2022.03.30 23:42:59 INFO  app[][o.s.a.SchedulerImpl] Process[web] is stopped
2022.03.30 23:42:59 WARN  app[][o.s.a.p.AbstractManagedProcess] Process exited with exit value [web]: 130
2022.03.30 23:42:59 INFO  app[][o.s.a.SchedulerImpl] SonarQube is stopped
<-- Wrapper Stopped
