--> Wrapper Started as Console
Launching a JVM...
Wrapper (Version 3.2.3) http://wrapper.tanukisoftware.org
  Copyright 1999-2006 Tanuki Software, Inc.  All Rights Reserved.

2022.03.31 19:18:23 INFO  app[][o.s.a.AppFileSystem] Cleaning or creating temp directory /home/ella/code/SoftwareEngineering/sonarqube/temp
2022.03.31 19:18:23 INFO  app[][o.s.a.es.EsSettings] Elasticsearch listening on [HTTP: 127.0.0.1:9001, TCP: 127.0.0.1:39021]
2022.03.31 19:18:23 INFO  app[][o.s.a.ProcessLauncherImpl] Launch process[[key='es', ipcIndex=1, logFilenamePrefix=es]] from [/home/ella/code/SoftwareEngineering/sonarqube/elasticsearch]: /home/ella/code/SoftwareEngineering/sonarqube/elasticsearch/bin/elasticsearch
2022.03.31 19:18:23 INFO  app[][o.s.a.SchedulerImpl] Waiting for Elasticsearch to be up and running
2022.03.31 19:18:28 INFO  app[][o.s.a.SchedulerImpl] Process[es] is up
2022.03.31 19:18:28 INFO  app[][o.s.a.ProcessLauncherImpl] Launch process[[key='web', ipcIndex=2, logFilenamePrefix=web]] from [/home/ella/code/SoftwareEngineering/sonarqube]: /usr/lib/jvm/java-11-openjdk-amd64/bin/java -Djava.awt.headless=true -Dfile.encoding=UTF-8 -Djava.io.tmpdir=/home/ella/code/SoftwareEngineering/sonarqube/temp -XX:-OmitStackTraceInFastThrow --add-opens=java.base/java.util=ALL-UNNAMED --add-opens=java.base/java.lang=ALL-UNNAMED --add-opens=java.base/java.io=ALL-UNNAMED --add-opens=java.rmi/sun.rmi.transport=ALL-UNNAMED --add-exports=java.base/jdk.internal.ref=ALL-UNNAMED --add-opens=java.base/java.nio=ALL-UNNAMED --add-opens=java.base/sun.nio.ch=ALL-UNNAMED --add-opens=java.management/sun.management=ALL-UNNAMED --add-opens=jdk.management/com.sun.management.internal=ALL-UNNAMED -Dcom.redhat.fips=false -Xmx512m -Xms128m -XX:+HeapDumpOnOutOfMemoryError -Dhttp.nonProxyHosts=localhost|127.*|[::1] -cp ./lib/sonar-application-9.3.0.51899.jar:/home/ella/code/SoftwareEngineering/sonarqube/lib/jdbc/h2/h2-1.4.199.jar org.sonar.server.app.WebServer /home/ella/code/SoftwareEngineering/sonarqube/temp/sq-process12421705313312277502properties
2022.03.31 19:18:33 INFO  app[][o.s.a.SchedulerImpl] Process[web] is up
2022.03.31 19:18:33 INFO  app[][o.s.a.ProcessLauncherImpl] Launch process[[key='ce', ipcIndex=3, logFilenamePrefix=ce]] from [/home/ella/code/SoftwareEngineering/sonarqube]: /usr/lib/jvm/java-11-openjdk-amd64/bin/java -Djava.awt.headless=true -Dfile.encoding=UTF-8 -Djava.io.tmpdir=/home/ella/code/SoftwareEngineering/sonarqube/temp -XX:-OmitStackTraceInFastThrow --add-opens=java.base/java.util=ALL-UNNAMED --add-exports=java.base/jdk.internal.ref=ALL-UNNAMED --add-opens=java.base/java.lang=ALL-UNNAMED --add-opens=java.base/java.nio=ALL-UNNAMED --add-opens=java.base/sun.nio.ch=ALL-UNNAMED --add-opens=java.management/sun.management=ALL-UNNAMED --add-opens=jdk.management/com.sun.management.internal=ALL-UNNAMED -Dcom.redhat.fips=false -Xmx512m -Xms128m -XX:+HeapDumpOnOutOfMemoryError -Dhttp.nonProxyHosts=localhost|127.*|[::1] -cp ./lib/sonar-application-9.3.0.51899.jar:/home/ella/code/SoftwareEngineering/sonarqube/lib/jdbc/h2/h2-1.4.199.jar org.sonar.ce.app.CeServer /home/ella/code/SoftwareEngineering/sonarqube/temp/sq-process1229859486753814651properties
2022.03.31 19:18:35 INFO  app[][o.s.a.SchedulerImpl] Process[ce] is up
2022.03.31 19:18:35 INFO  app[][o.s.a.SchedulerImpl] SonarQube is up
INT trapped.  Shutting down.
2022.03.31 19:38:14 WARN  app[][o.s.a.p.AbstractManagedProcess] Process exited with exit value [ce]: 130
2022.03.31 19:38:14 INFO  app[][o.s.a.SchedulerImpl] Process[ce] is stopped
uncaught exception in thread [Thread-2]
java.io.UncheckedIOException: java.nio.file.NoSuchFileException: /home/ella/code/SoftwareEngineering/sonarqube/data/es7/nodes/0/_state
	at org.elasticsearch.common.component.AbstractLifecycleComponent.close(AbstractLifecycleComponent.java:93)
	at org.elasticsearch.core.internal.io.IOUtils.close(IOUtils.java:74)
	at org.elasticsearch.core.internal.io.IOUtils.close(IOUtils.java:116)
	at org.elasticsearch.core.internal.io.IOUtils.close(IOUtils.java:99)
	at org.elasticsearch.node.Node.close(Node.java:1402)
	at org.elasticsearch.core.internal.io.IOUtils.close(IOUtils.java:74)
	at org.elasticsearch.core.internal.io.IOUtils.close(IOUtils.java:116)
	at org.elasticsearch.core.internal.io.IOUtils.close(IOUtils.java:66)
	at org.elasticsearch.bootstrap.Bootstrap$4.run(Bootstrap.java:198)
Caused by: java.nio.file.NoSuchFileException: /home/ella/code/SoftwareEngineering/sonarqube/data/es7/nodes/0/_state
	at java.base/sun.nio.fs.UnixException.translateToIOException(UnixException.java:92)
	at java.base/sun.nio.fs.UnixException.rethrowAsIOException(UnixException.java:111)
	at java.base/sun.nio.fs.UnixException.rethrowAsIOException(UnixException.java:116)
	at java.base/sun.nio.fs.UnixFileSystemProvider.newDirectoryStream(UnixFileSystemProvider.java:432)
	at java.base/java.nio.file.Files.newDirectoryStream(Files.java:472)
	at org.apache.lucene.store.FSDirectory.listAll(FSDirectory.java:214)
	at org.apache.lucene.store.FSDirectory.listAll(FSDirectory.java:233)
	at org.apache.lucene.store.FilterDirectory.listAll(FilterDirectory.java:58)
	at org.apache.lucene.index.IndexFileDeleter.refresh(IndexFileDeleter.java:427)
	at org.apache.lucene.index.IndexWriter.rollbackInternalNoCommit(IndexWriter.java:2473)
	at org.apache.lucene.index.IndexWriter.rollbackInternal(IndexWriter.java:2409)
	at org.apache.lucene.index.IndexWriter.rollback(IndexWriter.java:2402)
	at org.apache.lucene.index.IndexWriter.close(IndexWriter.java:1280)
	at org.elasticsearch.core.internal.io.IOUtils.close(IOUtils.java:74)
	at org.elasticsearch.core.internal.io.IOUtils.close(IOUtils.java:116)
	at org.elasticsearch.core.internal.io.IOUtils.close(IOUtils.java:66)
	at org.elasticsearch.gateway.PersistedClusterStateService$MetadataIndexWriter.close(PersistedClusterStateService.java:638)
	at org.elasticsearch.core.internal.io.IOUtils.close(IOUtils.java:74)
	at org.elasticsearch.core.internal.io.IOUtils.close(IOUtils.java:116)
	at org.elasticsearch.core.internal.io.IOUtils.close(IOUtils.java:99)
	at org.elasticsearch.gateway.PersistedClusterStateService$Writer.close(PersistedClusterStateService.java:945)
	at org.elasticsearch.core.internal.io.IOUtils.close(IOUtils.java:74)
	at org.elasticsearch.gateway.GatewayMetaState$LucenePersistedState.close(GatewayMetaState.java:604)
	at org.elasticsearch.cluster.coordination.CoordinationState.close(CoordinationState.java:541)
	at org.elasticsearch.cluster.coordination.Coordinator.doClose(Coordinator.java:958)
	at org.elasticsearch.common.component.AbstractLifecycleComponent.close(AbstractLifecycleComponent.java:91)
	... 8 more
2022.03.31 19:38:14 WARN  app[][o.s.a.p.AbstractManagedProcess] Process exited with exit value [web]: 130
2022.03.31 19:38:14 INFO  app[][o.s.a.SchedulerImpl] Process[web] is stopped
2022.03.31 19:38:14 INFO  app[][o.s.a.SchedulerImpl] Process[es] is stopped
2022.03.31 19:38:14 WARN  app[][o.s.a.p.AbstractManagedProcess] Process exited with exit value [es]: 130
2022.03.31 19:38:14 INFO  app[][o.s.a.SchedulerImpl] SonarQube is stopped
<-- Wrapper Stopped
--> Wrapper Started as Console
Launching a JVM...
Wrapper (Version 3.2.3) http://wrapper.tanukisoftware.org
  Copyright 1999-2006 Tanuki Software, Inc.  All Rights Reserved.

2022.03.31 19:41:09 INFO  app[][o.s.a.AppFileSystem] Cleaning or creating temp directory /home/ella/code/SoftwareEngineering/tools/sonarqube/temp
2022.03.31 19:41:09 INFO  app[][o.s.a.es.EsSettings] Elasticsearch listening on [HTTP: 127.0.0.1:9001, TCP: 127.0.0.1:35795]
2022.03.31 19:41:10 INFO  app[][o.s.a.ProcessLauncherImpl] Launch process[[key='es', ipcIndex=1, logFilenamePrefix=es]] from [/home/ella/code/SoftwareEngineering/tools/sonarqube/elasticsearch]: /home/ella/code/SoftwareEngineering/tools/sonarqube/elasticsearch/bin/elasticsearch
2022.03.31 19:41:10 INFO  app[][o.s.a.SchedulerImpl] Waiting for Elasticsearch to be up and running
2022.03.31 19:41:14 INFO  app[][o.s.a.SchedulerImpl] Process[es] is up
2022.03.31 19:41:14 INFO  app[][o.s.a.ProcessLauncherImpl] Launch process[[key='web', ipcIndex=2, logFilenamePrefix=web]] from [/home/ella/code/SoftwareEngineering/tools/sonarqube]: /usr/lib/jvm/java-11-openjdk-amd64/bin/java -Djava.awt.headless=true -Dfile.encoding=UTF-8 -Djava.io.tmpdir=/home/ella/code/SoftwareEngineering/tools/sonarqube/temp -XX:-OmitStackTraceInFastThrow --add-opens=java.base/java.util=ALL-UNNAMED --add-opens=java.base/java.lang=ALL-UNNAMED --add-opens=java.base/java.io=ALL-UNNAMED --add-opens=java.rmi/sun.rmi.transport=ALL-UNNAMED --add-exports=java.base/jdk.internal.ref=ALL-UNNAMED --add-opens=java.base/java.nio=ALL-UNNAMED --add-opens=java.base/sun.nio.ch=ALL-UNNAMED --add-opens=java.management/sun.management=ALL-UNNAMED --add-opens=jdk.management/com.sun.management.internal=ALL-UNNAMED -Dcom.redhat.fips=false -Xmx512m -Xms128m -XX:+HeapDumpOnOutOfMemoryError -Dhttp.nonProxyHosts=localhost|127.*|[::1] -cp ./lib/sonar-application-9.3.0.51899.jar:/home/ella/code/SoftwareEngineering/tools/sonarqube/lib/jdbc/h2/h2-1.4.199.jar org.sonar.server.app.WebServer /home/ella/code/SoftwareEngineering/tools/sonarqube/temp/sq-process13124020972218861932properties
2022.03.31 19:41:19 INFO  app[][o.s.a.SchedulerImpl] Process[web] is up
2022.03.31 19:41:19 INFO  app[][o.s.a.ProcessLauncherImpl] Launch process[[key='ce', ipcIndex=3, logFilenamePrefix=ce]] from [/home/ella/code/SoftwareEngineering/tools/sonarqube]: /usr/lib/jvm/java-11-openjdk-amd64/bin/java -Djava.awt.headless=true -Dfile.encoding=UTF-8 -Djava.io.tmpdir=/home/ella/code/SoftwareEngineering/tools/sonarqube/temp -XX:-OmitStackTraceInFastThrow --add-opens=java.base/java.util=ALL-UNNAMED --add-exports=java.base/jdk.internal.ref=ALL-UNNAMED --add-opens=java.base/java.lang=ALL-UNNAMED --add-opens=java.base/java.nio=ALL-UNNAMED --add-opens=java.base/sun.nio.ch=ALL-UNNAMED --add-opens=java.management/sun.management=ALL-UNNAMED --add-opens=jdk.management/com.sun.management.internal=ALL-UNNAMED -Dcom.redhat.fips=false -Xmx512m -Xms128m -XX:+HeapDumpOnOutOfMemoryError -Dhttp.nonProxyHosts=localhost|127.*|[::1] -cp ./lib/sonar-application-9.3.0.51899.jar:/home/ella/code/SoftwareEngineering/tools/sonarqube/lib/jdbc/h2/h2-1.4.199.jar org.sonar.ce.app.CeServer /home/ella/code/SoftwareEngineering/tools/sonarqube/temp/sq-process6350673301916987018properties
2022.03.31 19:41:22 INFO  app[][o.s.a.SchedulerImpl] Process[ce] is up
2022.03.31 19:41:22 INFO  app[][o.s.a.SchedulerImpl] SonarQube is up
INT trapped.  Shutting down.
2022.03.31 19:51:00 WARN  app[][o.s.a.p.AbstractManagedProcess] Process exited with exit value [ce]: 130
2022.03.31 19:51:00 INFO  app[][o.s.a.SchedulerImpl] Process[ce] is stopped
2022.03.31 19:51:00 WARN  app[][o.s.a.p.AbstractManagedProcess] Process exited with exit value [es]: 130
2022.03.31 19:51:00 INFO  app[][o.s.a.SchedulerImpl] Process[es] is stopped
2022.03.31 19:51:00 WARN  app[][o.s.a.p.AbstractManagedProcess] Process exited with exit value [web]: 130
2022.03.31 19:51:00 INFO  app[][o.s.a.SchedulerImpl] Process[web] is stopped
2022.03.31 19:51:00 INFO  app[][o.s.a.SchedulerImpl] SonarQube is stopped
<-- Wrapper Stopped
--> Wrapper Started as Console
Launching a JVM...
Wrapper (Version 3.2.3) http://wrapper.tanukisoftware.org
  Copyright 1999-2006 Tanuki Software, Inc.  All Rights Reserved.

2022.03.31 19:52:16 INFO  app[][o.s.a.AppFileSystem] Cleaning or creating temp directory /home/ella/code/SoftwareEngineering/tools/sonarqube/temp
2022.03.31 19:52:16 INFO  app[][o.s.a.es.EsSettings] Elasticsearch listening on [HTTP: 127.0.0.1:9001, TCP: 127.0.0.1:39621]
2022.03.31 19:52:16 INFO  app[][o.s.a.ProcessLauncherImpl] Launch process[[key='es', ipcIndex=1, logFilenamePrefix=es]] from [/home/ella/code/SoftwareEngineering/tools/sonarqube/elasticsearch]: /home/ella/code/SoftwareEngineering/tools/sonarqube/elasticsearch/bin/elasticsearch
2022.03.31 19:52:16 INFO  app[][o.s.a.SchedulerImpl] Waiting for Elasticsearch to be up and running
2022.03.31 19:52:21 INFO  app[][o.s.a.SchedulerImpl] Process[es] is up
2022.03.31 19:52:21 INFO  app[][o.s.a.ProcessLauncherImpl] Launch process[[key='web', ipcIndex=2, logFilenamePrefix=web]] from [/home/ella/code/SoftwareEngineering/tools/sonarqube]: /usr/lib/jvm/java-11-openjdk-amd64/bin/java -Djava.awt.headless=true -Dfile.encoding=UTF-8 -Djava.io.tmpdir=/home/ella/code/SoftwareEngineering/tools/sonarqube/temp -XX:-OmitStackTraceInFastThrow --add-opens=java.base/java.util=ALL-UNNAMED --add-opens=java.base/java.lang=ALL-UNNAMED --add-opens=java.base/java.io=ALL-UNNAMED --add-opens=java.rmi/sun.rmi.transport=ALL-UNNAMED --add-exports=java.base/jdk.internal.ref=ALL-UNNAMED --add-opens=java.base/java.nio=ALL-UNNAMED --add-opens=java.base/sun.nio.ch=ALL-UNNAMED --add-opens=java.management/sun.management=ALL-UNNAMED --add-opens=jdk.management/com.sun.management.internal=ALL-UNNAMED -Dcom.redhat.fips=false -Xmx512m -Xms128m -XX:+HeapDumpOnOutOfMemoryError -Dhttp.nonProxyHosts=localhost|127.*|[::1] -cp ./lib/sonar-application-9.3.0.51899.jar:/home/ella/code/SoftwareEngineering/tools/sonarqube/lib/jdbc/h2/h2-1.4.199.jar org.sonar.server.app.WebServer /home/ella/code/SoftwareEngineering/tools/sonarqube/temp/sq-process5553950057598396497properties
2022.03.31 19:52:26 INFO  app[][o.s.a.SchedulerImpl] Process[web] is up
2022.03.31 19:52:26 INFO  app[][o.s.a.ProcessLauncherImpl] Launch process[[key='ce', ipcIndex=3, logFilenamePrefix=ce]] from [/home/ella/code/SoftwareEngineering/tools/sonarqube]: /usr/lib/jvm/java-11-openjdk-amd64/bin/java -Djava.awt.headless=true -Dfile.encoding=UTF-8 -Djava.io.tmpdir=/home/ella/code/SoftwareEngineering/tools/sonarqube/temp -XX:-OmitStackTraceInFastThrow --add-opens=java.base/java.util=ALL-UNNAMED --add-exports=java.base/jdk.internal.ref=ALL-UNNAMED --add-opens=java.base/java.lang=ALL-UNNAMED --add-opens=java.base/java.nio=ALL-UNNAMED --add-opens=java.base/sun.nio.ch=ALL-UNNAMED --add-opens=java.management/sun.management=ALL-UNNAMED --add-opens=jdk.management/com.sun.management.internal=ALL-UNNAMED -Dcom.redhat.fips=false -Xmx512m -Xms128m -XX:+HeapDumpOnOutOfMemoryError -Dhttp.nonProxyHosts=localhost|127.*|[::1] -cp ./lib/sonar-application-9.3.0.51899.jar:/home/ella/code/SoftwareEngineering/tools/sonarqube/lib/jdbc/h2/h2-1.4.199.jar org.sonar.ce.app.CeServer /home/ella/code/SoftwareEngineering/tools/sonarqube/temp/sq-process9191710873618481157properties
2022.03.31 19:52:28 INFO  app[][o.s.a.SchedulerImpl] Process[ce] is up
2022.03.31 19:52:28 INFO  app[][o.s.a.SchedulerImpl] SonarQube is up
INT trapped.  Shutting down.
2022.03.31 20:40:18 WARN  app[][o.s.a.p.AbstractManagedProcess] Process exited with exit value [ce]: 130
2022.03.31 20:40:18 INFO  app[][o.s.a.SchedulerImpl] Process[ce] is stopped
2022.03.31 20:40:18 WARN  app[][o.s.a.p.AbstractManagedProcess] Process exited with exit value [es]: 130
2022.03.31 20:40:18 INFO  app[][o.s.a.SchedulerImpl] Process[es] is stopped
2022.03.31 20:40:18 WARN  app[][o.s.a.p.AbstractManagedProcess] Process exited with exit value [web]: 130
2022.03.31 20:40:18 INFO  app[][o.s.a.SchedulerImpl] Process[web] is stopped
2022.03.31 20:40:18 INFO  app[][o.s.a.SchedulerImpl] SonarQube is stopped
<-- Wrapper Stopped
